2025-11-04T13:03:22.302-06:00  INFO 38232 --- [restartedMain] com.equiz.project.EquizApplication       : Starting EquizApplication using Java 21.0.6 with PID 38232 (C:\Users\j_ola\git\equiz-back\target\classes started by j_ola in C:\Users\j_ola\git\equiz-back)
2025-11-04T13:03:22.305-06:00  INFO 38232 --- [restartedMain] com.equiz.project.EquizApplication       : No active profile set, falling back to 1 default profile: "default"
2025-11-04T13:03:22.335-06:00  INFO 38232 --- [restartedMain] .e.DevToolsPropertyDefaultsPostProcessor : Devtools property defaults active! Set 'spring.devtools.add-properties' to 'false' to disable
2025-11-04T13:03:22.335-06:00  INFO 38232 --- [restartedMain] .e.DevToolsPropertyDefaultsPostProcessor : For additional web related logging consider setting the 'logging.level.web' property to 'DEBUG'
2025-11-04T13:03:22.690-06:00  INFO 38232 --- [restartedMain] .s.d.r.c.RepositoryConfigurationDelegate : Multiple Spring Data modules found, entering strict repository configuration mode
2025-11-04T13:03:22.691-06:00  INFO 38232 --- [restartedMain] .s.d.r.c.RepositoryConfigurationDelegate : Bootstrapping Spring Data JDBC repositories in DEFAULT mode.
2025-11-04T13:03:22.711-06:00  INFO 38232 --- [restartedMain] .RepositoryConfigurationExtensionSupport : Spring Data JDBC - Could not safely identify store assignment for repository candidate interface com.equiz.project.repository.GameRepository; If you want this repository to be a JDBC repository, consider annotating your entities with one of these annotations: org.springframework.data.relational.core.mapping.Table.
2025-11-04T13:03:22.711-06:00  INFO 38232 --- [restartedMain] .s.d.r.c.RepositoryConfigurationDelegate : Finished Spring Data repository scanning in 16 ms. Found 0 JDBC repository interfaces.
2025-11-04T13:03:22.718-06:00  INFO 38232 --- [restartedMain] .s.d.r.c.RepositoryConfigurationDelegate : Multiple Spring Data modules found, entering strict repository configuration mode
2025-11-04T13:03:22.718-06:00  INFO 38232 --- [restartedMain] .s.d.r.c.RepositoryConfigurationDelegate : Bootstrapping Spring Data JPA repositories in DEFAULT mode.
2025-11-04T13:03:22.732-06:00  INFO 38232 --- [restartedMain] .s.d.r.c.RepositoryConfigurationDelegate : Finished Spring Data repository scanning in 11 ms. Found 1 JPA repository interface.
2025-11-04T13:03:23.124-06:00  INFO 38232 --- [restartedMain] o.s.b.w.embedded.tomcat.TomcatWebServer  : Tomcat initialized with port 8080 (http)
2025-11-04T13:03:23.133-06:00  INFO 38232 --- [restartedMain] o.apache.catalina.core.StandardService   : Starting service [Tomcat]
2025-11-04T13:03:23.134-06:00  INFO 38232 --- [restartedMain] o.apache.catalina.core.StandardEngine    : Starting Servlet engine: [Apache Tomcat/10.1.40]
2025-11-04T13:03:23.164-06:00  INFO 38232 --- [restartedMain] o.a.c.c.C.[Tomcat].[localhost].[/]       : Initializing Spring embedded WebApplicationContext
2025-11-04T13:03:23.165-06:00  INFO 38232 --- [restartedMain] w.s.c.ServletWebServerApplicationContext : Root WebApplicationContext: initialization completed in 830 ms
2025-11-04T13:03:23.270-06:00  INFO 38232 --- [restartedMain] o.hibernate.jpa.internal.util.LogHelper  : HHH000204: Processing PersistenceUnitInfo [name: default]
2025-11-04T13:03:23.317-06:00  INFO 38232 --- [restartedMain] org.hibernate.Version                    : HHH000412: Hibernate ORM core version 6.5.2.Final
2025-11-04T13:03:23.342-06:00  INFO 38232 --- [restartedMain] o.h.c.internal.RegionFactoryInitiator    : HHH000026: Second-level cache disabled
2025-11-04T13:03:23.542-06:00  INFO 38232 --- [restartedMain] o.s.o.j.p.SpringPersistenceUnitInfo      : No LoadTimeWeaver setup: ignoring JPA class transformer
2025-11-04T13:03:23.562-06:00  INFO 38232 --- [restartedMain] com.zaxxer.hikari.HikariDataSource       : HikariPool-1 - Starting...
2025-11-04T13:03:23.668-06:00  INFO 38232 --- [restartedMain] com.zaxxer.hikari.pool.HikariPool        : HikariPool-1 - Added connection org.postgresql.jdbc.PgConnection@55454624
2025-11-04T13:03:23.669-06:00  INFO 38232 --- [restartedMain] com.zaxxer.hikari.HikariDataSource       : HikariPool-1 - Start completed.
2025-11-04T13:03:23.703-06:00  WARN 38232 --- [restartedMain] org.hibernate.orm.deprecation            : HHH90000025: PostgreSQLDialect does not need to be specified explicitly using 'hibernate.dialect' (remove the property setting and it will be selected by default)
2025-11-04T13:03:24.277-06:00  INFO 38232 --- [restartedMain] j.LocalContainerEntityManagerFactoryBean : Initialized JPA EntityManagerFactory for persistence unit 'default'
2025-11-04T13:03:24.600-06:00  WARN 38232 --- [restartedMain] JpaBaseConfiguration$JpaWebConfiguration : spring.jpa.open-in-view is enabled by default. Therefore, database queries may be performed during view rendering. Explicitly configure spring.jpa.open-in-view to disable this warning
2025-11-04T13:03:25.001-06:00  INFO 38232 --- [restartedMain] o.s.b.d.a.OptionalLiveReloadServer       : LiveReload server is running on port 35729
2025-11-04T13:03:25.023-06:00  INFO 38232 --- [restartedMain] o.s.b.w.embedded.tomcat.TomcatWebServer  : Tomcat started on port 8080 (http) with context path '/'
2025-11-04T13:03:25.027-06:00  INFO 38232 --- [restartedMain] com.equiz.project.EquizApplication       : Started EquizApplication in 2.959 seconds (process running for 3.331)
2025-11-04T13:05:43.160-06:00  INFO 38232 --- [File Watcher] rtingClassPathChangeChangedEventListener : Restarting due to 11 class path changes (0 additions, 0 deletions, 11 modifications)
2025-11-04T13:05:43.162-06:00  INFO 38232 --- [Thread-5] o.s.b.w.e.tomcat.GracefulShutdown        : Commencing graceful shutdown. Waiting for active requests to complete
2025-11-04T13:05:43.166-06:00  INFO 38232 --- [tomcat-shutdown] o.s.b.w.e.tomcat.GracefulShutdown        : Graceful shutdown complete
2025-11-04T13:05:43.168-06:00  INFO 38232 --- [Thread-5] j.LocalContainerEntityManagerFactoryBean : Closing JPA EntityManagerFactory for persistence unit 'default'
2025-11-04T13:05:43.170-06:00  INFO 38232 --- [Thread-5] com.zaxxer.hikari.HikariDataSource       : HikariPool-1 - Shutdown initiated...
2025-11-04T13:05:43.172-06:00  INFO 38232 --- [Thread-5] com.zaxxer.hikari.HikariDataSource       : HikariPool-1 - Shutdown completed.
2025-11-04T13:05:43.228-06:00  INFO 38232 --- [restartedMain] com.equiz.project.EquizApplication       : Starting EquizApplication using Java 21.0.6 with PID 38232 (C:\Users\j_ola\git\equiz-back\target\classes started by j_ola in C:\Users\j_ola\git\equiz-back)
2025-11-04T13:05:43.228-06:00  INFO 38232 --- [restartedMain] com.equiz.project.EquizApplication       : No active profile set, falling back to 1 default profile: "default"
2025-11-04T13:05:43.311-06:00  INFO 38232 --- [restartedMain] .s.d.r.c.RepositoryConfigurationDelegate : Multiple Spring Data modules found, entering strict repository configuration mode
2025-11-04T13:05:43.311-06:00  INFO 38232 --- [restartedMain] .s.d.r.c.RepositoryConfigurationDelegate : Bootstrapping Spring Data JDBC repositories in DEFAULT mode.
2025-11-04T13:05:43.314-06:00  INFO 38232 --- [restartedMain] .RepositoryConfigurationExtensionSupport : Spring Data JDBC - Could not safely identify store assignment for repository candidate interface com.equiz.project.repository.GameRepository; If you want this repository to be a JDBC repository, consider annotating your entities with one of these annotations: org.springframework.data.relational.core.mapping.Table.
2025-11-04T13:05:43.314-06:00  INFO 38232 --- [restartedMain] .s.d.r.c.RepositoryConfigurationDelegate : Finished Spring Data repository scanning in 2 ms. Found 0 JDBC repository interfaces.
2025-11-04T13:05:43.316-06:00  INFO 38232 --- [restartedMain] .s.d.r.c.RepositoryConfigurationDelegate : Multiple Spring Data modules found, entering strict repository configuration mode
2025-11-04T13:05:43.316-06:00  INFO 38232 --- [restartedMain] .s.d.r.c.RepositoryConfigurationDelegate : Bootstrapping Spring Data JPA repositories in DEFAULT mode.
2025-11-04T13:05:43.320-06:00  INFO 38232 --- [restartedMain] .s.d.r.c.RepositoryConfi